<?xml version="1.0" encoding="UTF-8"?>
<!-- Generated by org.testng.reporters.JUnitReportReporter -->
<testsuite hostname="Supriya-PC" failures="0" tests="1" name="test.StandaloneTest" time="21.156" errors="0" timestamp="2025-06-19T16:10:31 IST" skipped="0">
  <testcase classname="test.StandaloneTest" name="standaloneTestCase" time="21.156"/>
</testsuite> <!-- test.StandaloneTest -->
