<?xml version="1.0" encoding="UTF-8"?>
<!-- Generated by org.testng.reporters.JUnitReportReporter -->
<testsuite hostname="Supriya-PC" failures="0" tests="2" name="test.ErrorValidationTest" time="14.075" errors="0" timestamp="2025-06-19T13:07:18 IST" skipped="0">
  <testcase classname="test.ErrorValidationTest" name="loginValidation" time="4.035"/>
  <testcase classname="test.ErrorValidationTest" name="productValidation" time="10.040"/>
</testsuite> <!-- test.ErrorValidationTest -->
